11:40:34.095 - [STARTING] server is listening ....
11:40:34.101 - worker 2 started
11:40:34.102 - worker 1 started
11:40:34.102 - worker 5 started
11:40:34.102 - worker 4 started
11:40:34.103 - worker 3 started
11:40:36.786 - The request to create 10.json.md5 was received
11:40:36.787 - The request to create 101.json.md5 was received
11:40:36.787 - The request to create 102.json.md5 was received
11:40:36.788 - The request to create 100.json.md5 was received
11:40:36.788 - The request to create 1.json.md5 was received
11:40:37.020 - The request to create 127.json.md5 was received
11:40:37.068 - The request to create 130.json.md5 was received
11:40:37.069 - 10.json.md5 report request received
11:40:37.078 - 101.json.md5 report request received
11:40:37.099 - 130.json.md5 report request received
11:40:37.101 - 127.json.md5 report request received
11:40:37.102 - worker 3 killed !!!
11:40:37.103 - 100.json.md5 report request received
11:40:37.113 - worker 3 started
11:40:37.115 - The request to create 212.json.md5 was received
11:40:37.116 - The request to create 209.json.md5 was received
11:40:37.116 - The request to create 151.json.md5 was received
11:40:37.117 - The request to create 146.json.md5 was received
11:40:37.117 - NOT SUCCESS worker 3 for .\TransactionFiles\146.json
11:40:37.117 - The request to create 144.json.md5 was received
11:40:37.289 - The request to create 488.json.md5 was received
11:40:37.289 - The request to create 487.json.md5 was received
11:40:37.289 - 144.json.md5 report request received
11:40:37.299 - worker 1 killed !!!
11:40:37.300 - 209.json.md5 report request received
11:40:37.300 - NOT SUCCESS worker 1 for .\TransactionFiles\488.json
11:40:37.305 - worker 1 started
11:40:37.308 - 488.json.md5 report request received
11:40:37.310 - worker 1 killed !!!
11:40:37.312 - The request to create 610.json.md5 was received
11:40:37.313 - The request to create 587.json.md5 was received
11:40:37.313 - The request to create 496.json.md5 was received
11:40:37.314 - The request to create 498.json.md5 was received
11:40:37.314 - The request to create 495.json.md5 was received
11:40:37.319 - worker 1 started
11:40:37.501 - 498.json.md5 report request received
11:40:37.520 - worker 4 killed !!!
11:40:37.522 - 587.json.md5 report request received
11:40:37.524 - 495.json.md5 report request received
11:40:37.530 - worker 4 started
11:40:37.532 - The request to create 664.json.md5 was received
11:40:37.532 - The request to create 672.json.md5 was received
11:40:37.533 - NOT SUCCESS worker 4 for .\TransactionFiles\672.json
11:40:37.533 - The request to create 665.json.md5 was received
11:40:37.534 - The request to create 666.json.md5 was received
11:40:37.535 - The request to create 663.json.md5 was received
11:40:37.687 - 664.json.md5 report request received
11:40:37.706 - worker 2 killed !!!
11:40:37.707 - 666.json.md5 report request received
11:40:37.708 - 663.json.md5 report request received
11:40:37.709 - 672.json.md5 report request received
11:40:37.713 - worker 2 started
11:40:37.717 - worker 3 killed !!!
11:40:37.719 - The request to create 960.json.md5 was received
11:40:37.720 - The request to create 951.json.md5 was received
11:40:37.720 - NOT SUCCESS worker 3 for .\TransactionFiles\subfolder\951.json
11:40:37.721 - The request to create 930.json.md5 was received
11:40:37.721 - NOT SUCCESS worker 2 for .\TransactionFiles\subfolder\930.json
11:40:37.721 - The request to create 928.json.md5 was received
11:40:37.722 - The request to create 924.json.md5 was received
11:40:37.729 - worker 3 started
11:40:37.954 - The request to create 999.json.md5 was received
11:40:37.984 - The request to create 998.json.md5 was received
11:40:37.984 - 951.json.md5 report request received
11:40:37.998 - worker 1 killed !!!
11:40:38.000 - 999.json.md5 report request received
11:40:38.001 - The request to create 994.json.md5 was received
11:40:38.002 - 998.json.md5 report request received
11:40:38.010 - worker 1 started
11:40:38.017 - The request to create 992.json.md5 was received
11:40:38.018 - The request to create 993.json.md5 was received
11:40:38.018 - The request to create 996.json.md5 was received
11:40:38.019 - NOT SUCCESS worker 1 for .\TransactionFiles\subfolder\996.json
11:40:38.019 - The request to create 995.json.md5 was received
11:40:38.020 - The request to create 997.json.md5 was received
11:40:38.203 - The request to create 991.json.md5 was received
11:40:38.234 - 996.json.md5 report request received
11:40:38.261 - worker 4 killed !!!
11:40:38.263 - The request to create 986.json.md5 was received
11:40:38.263 - The request to create 990.json.md5 was received
11:40:38.264 - NOT SUCCESS worker 4 for .\TransactionFiles\subfolder\990.json
11:40:38.264 - The request to create 988.json.md5 was received
11:40:38.265 - The request to create 987.json.md5 was received
11:40:38.265 - The request to create 989.json.md5 was received
11:40:38.272 - worker 4 started
11:40:38.450 - 988.json.md5 report request received
11:40:38.457 - worker 1 killed !!!
11:40:38.458 - 987.json.md5 report request received
11:40:38.464 - worker 1 started
11:40:38.471 - The request to create 981.json.md5 was received
11:40:38.472 - The request to create 983.json.md5 was received
11:40:38.472 - The request to create 982.json.md5 was received
11:40:38.472 - NOT SUCCESS worker 1 for .\TransactionFiles\subfolder\982.json
11:40:38.473 - The request to create 984.json.md5 was received
11:40:38.473 - The request to create 985.json.md5 was received
11:40:38.670 - 985.json.md5 report request received
11:40:38.682 - worker 3 killed !!!
11:40:38.683 - 984.json.md5 report request received
11:40:38.691 - worker 3 started
11:40:38.694 - The request to create 978.json.md5 was received
11:40:38.694 - The request to create 976.json.md5 was received
11:40:38.694 - The request to create 979.json.md5 was received
11:40:38.695 - NOT SUCCESS worker 3 for .\TransactionFiles\subfolder\979.json
11:40:38.695 - The request to create 977.json.md5 was received
11:40:38.695 - The request to create 980.json.md5 was received
11:40:38.948 - 976.json.md5 report request received
11:40:38.965 - worker 4 killed !!!
11:40:38.967 - 979.json.md5 report request received
11:40:38.968 - worker 2 killed !!!
11:40:38.969 - 977.json.md5 report request received
11:40:38.970 - The request to create 971.json.md5 was received
11:40:38.970 - NOT SUCCESS worker 4 for .\TransactionFiles\subfolder\971.json
11:40:38.970 - The request to create 972.json.md5 was received
11:40:38.971 - NOT SUCCESS worker 2 for .\TransactionFiles\subfolder\971.json
11:40:38.971 - The request to create 974.json.md5 was received
11:40:38.972 - The request to create 973.json.md5 was received
11:40:38.973 - The request to create 975.json.md5 was received
11:40:38.974 - worker 4 started
11:40:38.976 - worker 2 started
11:40:39.222 - The request to create 970.json.md5 was received
11:40:39.286 - The request to create 969.json.md5 was received
11:40:39.287 - The request to create 967.json.md5 was received
11:40:39.288 - The request to create 968.json.md5 was received
11:40:39.288 - 974.json.md5 report request received
11:40:39.308 - 967.json.md5 report request received
11:40:39.315 - worker 1 killed !!!
11:40:39.316 - 970.json.md5 report request received
11:40:39.325 - worker 1 started
11:40:39.327 - worker 3 killed !!!
11:40:39.329 - The request to create 962.json.md5 was received
11:40:39.329 - The request to create 963.json.md5 was received
11:40:39.330 - NOT SUCCESS worker 3 for .\TransactionFiles\subfolder\963.json
11:40:39.331 - The request to create 964.json.md5 was received
11:40:39.332 - NOT SUCCESS worker 1 for .\TransactionFiles\subfolder\964.json
11:40:39.332 - The request to create 966.json.md5 was received
11:40:39.333 - The request to create 965.json.md5 was received
11:40:39.341 - worker 3 started
11:40:39.545 - The request to create 961.json.md5 was received
11:40:39.546 - The request to create 959.json.md5 was received
11:40:39.546 - The request to create 958.json.md5 was received
11:40:39.547 - The request to create 956.json.md5 was received
11:40:39.576 - The request to create 957.json.md5 was received
11:40:39.707 - The request to create 955.json.md5 was received
11:40:39.755 - The request to create 954.json.md5 was received
11:40:39.756 - The request to create 953.json.md5 was received
11:40:39.756 - 957.json.md5 report request received
11:40:39.781 - 956.json.md5 report request received
11:40:39.783 - The request to create 947.json.md5 was received
11:40:39.783 - The request to create 948.json.md5 was received
11:40:39.784 - The request to create 949.json.md5 was received
11:40:39.784 - The request to create 950.json.md5 was received
11:40:39.785 - The request to create 952.json.md5 was received
11:40:40.018 - The request to create 946.json.md5 was received
11:40:40.019 - The request to create 943.json.md5 was received
11:40:40.019 - The request to create 945.json.md5 was received
11:40:40.020 - The request to create 942.json.md5 was received
11:40:40.020 - The request to create 944.json.md5 was received
11:40:40.197 - The request to create 941.json.md5 was received
11:40:40.198 - The request to create 939.json.md5 was received
11:40:40.198 - 943.json.md5 report request received
11:40:40.219 - worker 3 killed !!!
11:40:40.220 - 941.json.md5 report request received
11:40:40.222 - The request to create 935.json.md5 was received
11:40:40.223 - The request to create 936.json.md5 was received
11:40:40.224 - The request to create 937.json.md5 was received
11:40:40.225 - The request to create 940.json.md5 was received
11:40:40.225 - NOT SUCCESS worker 3 for .\TransactionFiles\subfolder\940.json
11:40:40.226 - The request to create 938.json.md5 was received
11:40:40.228 - worker 3 started
11:40:40.403 - 935.json.md5 report request received
11:40:40.422 - 940.json.md5 report request received
11:40:40.434 - 938.json.md5 report request received
11:40:40.435 - worker 1 killed !!!
11:40:40.436 - The request to create 929.json.md5 was received
11:40:40.437 - The request to create 931.json.md5 was received
11:40:40.437 - The request to create 932.json.md5 was received
11:40:40.438 - NOT SUCCESS worker 1 for .\TransactionFiles\subfolder\932.json
11:40:40.438 - The request to create 933.json.md5 was received
11:40:40.440 - The request to create 934.json.md5 was received
11:40:40.452 - worker 1 started
11:40:40.654 - The request to create 926.json.md5 was received
11:40:40.656 - 932.json.md5 report request received
11:40:40.675 - worker 4 killed !!!
11:40:40.677 - 926.json.md5 report request received
11:40:40.678 - worker 3 killed !!!
11:40:40.679 - 933.json.md5 report request received
11:40:40.680 - The request to create 921.json.md5 was received
11:40:40.681 - The request to create 923.json.md5 was received
11:40:40.682 - NOT SUCCESS worker 4 for .\TransactionFiles\subfolder\923.json
11:40:40.683 - The request to create 922.json.md5 was received
11:40:40.683 - The request to create 925.json.md5 was received
11:40:40.684 - NOT SUCCESS worker 3 for .\TransactionFiles\subfolder\925.json
11:40:40.684 - The request to create 927.json.md5 was received
11:40:40.685 - worker 4 started
11:40:40.686 - worker 3 started
11:40:40.837 - The request to create 920.json.md5 was received
11:40:40.870 - 922.json.md5 report request received
11:40:40.881 - The request to create 917.json.md5 was received
11:40:40.882 - The request to create 916.json.md5 was received
11:40:40.882 - The request to create 918.json.md5 was received
11:40:40.883 - The request to create 915.json.md5 was received
11:40:40.884 - The request to create 919.json.md5 was received
11:40:41.068 - The request to create 914.json.md5 was received
11:40:41.116 - The request to create 913.json.md5 was received
11:40:41.117 - 917.json.md5 report request received
11:40:41.135 - worker 2 killed !!!
11:40:41.135 - 918.json.md5 report request received
11:40:41.142 - worker 2 started
11:40:41.151 - 915.json.md5 report request received
11:40:41.153 - worker 3 killed !!!
11:40:41.154 - The request to create 908.json.md5 was received
11:40:41.155 - The request to create 909.json.md5 was received
11:40:41.155 - The request to create 910.json.md5 was received
11:40:41.156 - NOT SUCCESS worker 3 for .\TransactionFiles\subfolder\910.json
11:40:41.156 - The request to create 911.json.md5 was received
11:40:41.156 - NOT SUCCESS worker 2 for .\TransactionFiles\subfolder\910.json
11:40:41.156 - The request to create 912.json.md5 was received
11:40:41.163 - worker 3 started
11:40:41.362 - The request to create 907.json.md5 was received
11:40:41.364 - 908.json.md5 report request received
11:40:41.373 - worker 1 killed !!!
11:40:41.373 - The request to create 902.json.md5 was received
11:40:41.374 - The request to create 903.json.md5 was received
11:40:41.374 - NOT SUCCESS worker 1 for .\TransactionFiles\subfolder\903.json
11:40:41.374 - The request to create 904.json.md5 was received
11:40:41.375 - The request to create 906.json.md5 was received
11:40:41.375 - The request to create 905.json.md5 was received
11:40:41.381 - worker 1 started
11:40:41.552 - 905.json.md5 report request received
11:40:41.563 - 902.json.md5 report request received
11:40:41.574 - worker 4 killed !!!
11:40:41.575 - 903.json.md5 report request received
11:40:41.576 - worker 2 killed !!!
11:40:41.577 - The request to create 98.json.md5 was received
11:40:41.578 - The request to create 99.json.md5 was received
11:40:41.579 - The request to create 900.json.md5 was received
11:40:41.579 - NOT SUCCESS worker 2 for .\TransactionFiles\subfolder\900.json
11:40:41.579 - The request to create 1000.json.md5 was received
11:40:41.580 - NOT SUCCESS worker 4 for .\TransactionFiles\subfolder\900.json
11:40:41.580 - The request to create 901.json.md5 was received
11:40:41.584 - worker 4 started
11:40:41.588 - worker 2 started
11:40:41.848 - The request to create 97.json.md5 was received
11:40:41.850 - 98.json.md5 report request received
11:40:41.867 - The request to create 92.json.md5 was received
11:40:41.867 - The request to create 95.json.md5 was received
11:40:41.868 - The request to create 93.json.md5 was received
11:40:41.868 - The request to create 94.json.md5 was received
11:40:41.869 - The request to create 96.json.md5 was received
11:40:42.153 - The request to create 91.json.md5 was received
11:40:42.171 - The request to create 899.json.md5 was received
11:40:42.172 - The request to create 898.json.md5 was received
11:40:42.172 - The request to create 9.json.md5 was received
11:40:42.173 - The request to create 90.json.md5 was received
11:40:42.392 - 898.json.md5 report request received
11:40:42.411 - worker 3 killed !!!
11:40:42.412 - 90.json.md5 report request received
11:40:42.422 - worker 3 started
11:40:42.424 - 91.json.md5 report request received
11:40:42.426 - The request to create 895.json.md5 was received
11:40:42.426 - The request to create 893.json.md5 was received
11:40:42.427 - The request to create 894.json.md5 was received
11:40:42.428 - NOT SUCCESS worker 3 for .\TransactionFiles\894.json
11:40:42.428 - The request to create 896.json.md5 was received
11:40:42.429 - The request to create 897.json.md5 was received
11:40:42.606 - 895.json.md5 report request received
11:40:42.613 - worker 1 killed !!!
11:40:42.615 - 893.json.md5 report request received
11:40:42.621 - worker 1 started
11:40:42.639 - worker 5 killed !!!
11:40:42.641 - 896.json.md5 report request received
11:40:42.643 - worker 4 killed !!!
11:40:42.648 - The request to create 889.json.md5 was received
11:40:42.649 - worker 5 started
11:40:42.649 - The request to create 89.json.md5 was received
11:40:42.650 - NOT SUCCESS worker 4 for .\TransactionFiles\89.json
11:40:42.650 - The request to create 890.json.md5 was received
11:40:42.651 - NOT SUCCESS worker 1 for .\TransactionFiles\89.json
11:40:42.652 - The request to create 891.json.md5 was received
11:40:42.652 - NOT SUCCESS worker 5 for .\TransactionFiles\890.json
11:40:42.653 - The request to create 892.json.md5 was received
11:40:42.654 - worker 4 started
11:40:42.810 - 89.json.md5 report request received
11:40:42.827 - 891.json.md5 report request received
11:40:42.828 - worker 3 killed !!!
11:40:42.829 - 892.json.md5 report request received
11:40:42.830 - 890.json.md5 report request received
11:40:42.832 - The request to create 884.json.md5 was received
11:40:42.833 - The request to create 885.json.md5 was received
11:40:42.834 - NOT SUCCESS worker 3 for .\TransactionFiles\885.json
11:40:42.834 - The request to create 886.json.md5 was received
11:40:42.835 - The request to create 887.json.md5 was received
11:40:42.836 - The request to create 888.json.md5 was received
11:40:42.838 - worker 3 started
11:40:43.169 - 884.json.md5 report request received
11:40:43.184 - 885.json.md5 report request received
11:40:43.185 - 887.json.md5 report request received
11:40:43.191 - The request to create 88.json.md5 was received
11:40:43.191 - The request to create 880.json.md5 was received
11:40:43.191 - The request to create 881.json.md5 was received
11:40:43.192 - The request to create 882.json.md5 was received
11:40:43.192 - The request to create 883.json.md5 was received
11:40:43.398 - The request to create 879.json.md5 was received
11:40:43.398 - 880.json.md5 report request received
11:40:43.421 - worker 4 killed !!!
11:40:43.422 - 879.json.md5 report request received
11:40:43.429 - worker 4 started
11:40:43.430 - worker 1 killed !!!
11:40:43.431 - 88.json.md5 report request received
11:40:43.432 - The request to create 874.json.md5 was received
11:40:43.432 - The request to create 875.json.md5 was received
11:40:43.433 - The request to create 876.json.md5 was received
11:40:43.433 - The request to create 877.json.md5 was received
11:40:43.434 - NOT SUCCESS worker 4 for .\TransactionFiles\877.json
11:40:43.434 - The request to create 878.json.md5 was received
11:40:43.435 - NOT SUCCESS worker 1 for .\TransactionFiles\877.json
11:40:43.439 - worker 1 started
11:40:43.565 - The request to create 873.json.md5 was received
11:40:43.612 - The request to create 871.json.md5 was received
11:40:43.613 - The request to create 870.json.md5 was received
11:40:43.613 - The request to create 87.json.md5 was received
11:40:43.614 - The request to create 869.json.md5 was received
11:40:43.615 - The request to create 872.json.md5 was received
11:40:43.851 - The request to create 868.json.md5 was received
11:40:43.851 - The request to create 866.json.md5 was received
11:40:43.852 - 869.json.md5 report request received
11:40:43.862 - worker 1 killed !!!
11:40:43.863 - 868.json.md5 report request received
11:40:43.869 - worker 1 started
11:40:43.878 - 870.json.md5 report request received
11:40:43.880 - worker 3 killed !!!
11:40:43.882 - The request to create 862.json.md5 was received
11:40:43.882 - The request to create 863.json.md5 was received
11:40:43.883 - The request to create 864.json.md5 was received
11:40:43.883 - NOT SUCCESS worker 1 for .\TransactionFiles\864.json
11:40:43.883 - The request to create 865.json.md5 was received
11:40:43.884 - NOT SUCCESS worker 3 for .\TransactionFiles\864.json
11:40:43.884 - The request to create 867.json.md5 was received
11:40:43.890 - worker 3 started
11:40:44.102 - The request to create 861.json.md5 was received
11:40:44.103 - 863.json.md5 report request received
11:40:44.114 - The request to create 857.json.md5 was received
11:40:44.115 - The request to create 859.json.md5 was received
11:40:44.115 - The request to create 858.json.md5 was received
11:40:44.115 - The request to create 860.json.md5 was received
11:40:44.116 - The request to create 86.json.md5 was received
11:40:44.266 - 857.json.md5 report request received
11:40:44.300 - 860.json.md5 report request received
11:40:44.301 - 859.json.md5 report request received
11:40:44.302 - worker 4 killed !!!
11:40:44.302 - The request to create 852.json.md5 was received
11:40:44.303 - NOT SUCCESS worker 4 for .\TransactionFiles\852.json
11:40:44.303 - The request to create 853.json.md5 was received
11:40:44.304 - The request to create 854.json.md5 was received
11:40:44.304 - The request to create 855.json.md5 was received
11:40:44.304 - The request to create 856.json.md5 was received
11:40:44.312 - worker 4 started
11:40:44.441 - The request to create 851.json.md5 was received
11:40:44.473 - The request to create 850.json.md5 was received
11:40:44.474 - 853.json.md5 report request received
11:40:44.491 - worker 2 killed !!!
11:40:44.492 - 851.json.md5 report request received
11:40:44.494 - 855.json.md5 report request received
11:40:44.502 - worker 2 started
11:40:44.506 - worker 3 killed !!!
11:40:44.507 - The request to create 846.json.md5 was received
11:40:44.508 - The request to create 847.json.md5 was received
11:40:44.508 - The request to create 85.json.md5 was received
11:40:44.509 - The request to create 848.json.md5 was received
11:40:44.509 - NOT SUCCESS worker 2 for .\TransactionFiles\848.json
11:40:44.509 - The request to create 849.json.md5 was received
11:40:44.510 - NOT SUCCESS worker 3 for .\TransactionFiles\848.json
11:40:44.516 - worker 3 started
11:40:44.628 - The request to create 845.json.md5 was received
11:40:44.673 - The request to create 844.json.md5 was received
11:40:44.673 - 85.json.md5 report request received
11:40:44.690 - 844.json.md5 report request received
11:40:44.692 - worker 4 killed !!!
11:40:44.694 - The request to create 84.json.md5 was received
11:40:44.694 - The request to create 840.json.md5 was received
11:40:44.695 - The request to create 843.json.md5 was received
11:40:44.695 - The request to create 841.json.md5 was received
11:40:44.696 - The request to create 842.json.md5 was received
11:40:44.698 - NOT SUCCESS worker 4 for .\TransactionFiles\842.json
11:40:44.705 - worker 4 started
11:40:44.933 - 84.json.md5 report request received
11:40:44.957 - worker 5 killed !!!
11:40:44.958 - 842.json.md5 report request received
11:40:44.959 - 841.json.md5 report request received
11:40:44.960 - The request to create 836.json.md5 was received
11:40:44.961 - NOT SUCCESS worker 5 for .\TransactionFiles\836.json
11:40:44.961 - The request to create 835.json.md5 was received
11:40:44.962 - The request to create 838.json.md5 was received
11:40:44.963 - The request to create 837.json.md5 was received
11:40:44.964 - The request to create 839.json.md5 was received
11:40:44.969 - worker 5 started
11:40:45.258 - The request to create 834.json.md5 was received
11:40:45.258 - The request to create 832.json.md5 was received
11:40:45.304 - 839.json.md5 report request received
11:40:45.316 - worker 1 killed !!!
11:40:45.318 - The request to create 829.json.md5 was received
11:40:45.318 - The request to create 83.json.md5 was received
11:40:45.319 - NOT SUCCESS worker 1 for .\TransactionFiles\83.json
11:40:45.319 - The request to create 830.json.md5 was received
11:40:45.320 - The request to create 833.json.md5 was received
11:40:45.321 - The request to create 831.json.md5 was received
11:40:45.328 - worker 1 started
11:40:45.617 - 829.json.md5 report request received
11:40:45.631 - worker 3 killed !!!
11:40:45.632 - 830.json.md5 report request received
11:40:45.633 - worker 2 killed !!!
11:40:45.634 - 83.json.md5 report request received
11:40:45.639 - worker 3 started
11:40:45.640 - worker 2 started
11:40:45.651 - The request to create 824.json.md5 was received
11:40:45.652 - The request to create 825.json.md5 was received
11:40:45.653 - NOT SUCCESS worker 2 for .\TransactionFiles\825.json
11:40:45.653 - The request to create 826.json.md5 was received
11:40:45.653 - NOT SUCCESS worker 3 for .\TransactionFiles\825.json
11:40:45.653 - The request to create 827.json.md5 was received
11:40:45.654 - The request to create 828.json.md5 was received
11:40:45.812 - 824.json.md5 report request received
11:40:45.834 - worker 5 killed !!!
11:40:45.835 - 827.json.md5 report request received
11:40:45.838 - 825.json.md5 report request received
11:40:45.839 - The request to create 82.json.md5 was received
11:40:45.840 - The request to create 821.json.md5 was received
11:40:45.840 - The request to create 820.json.md5 was received
11:40:45.841 - NOT SUCCESS worker 5 for .\TransactionFiles\820.json
11:40:45.841 - The request to create 822.json.md5 was received
11:40:45.842 - The request to create 823.json.md5 was received
11:40:45.849 - worker 5 started
11:40:46.036 - 821.json.md5 report request received
11:40:46.043 - worker 1 killed !!!
11:40:46.044 - 820.json.md5 report request received
11:40:46.049 - worker 1 started
11:40:46.050 - 823.json.md5 report request received
11:40:46.059 - 82.json.md5 report request received
11:40:46.068 - 822.json.md5 report request received
11:40:46.070 - worker 3 killed !!!
11:40:46.071 - The request to create 815.json.md5 was received
11:40:46.071 - The request to create 816.json.md5 was received
11:40:46.071 - NOT SUCCESS worker 3 for .\TransactionFiles\816.json
11:40:46.072 - The request to create 817.json.md5 was received
11:40:46.072 - NOT SUCCESS worker 1 for .\TransactionFiles\816.json
11:40:46.072 - The request to create 818.json.md5 was received
11:40:46.073 - The request to create 819.json.md5 was received
11:40:46.079 - worker 3 started
11:40:46.319 - The request to create 814.json.md5 was received
11:40:46.320 - 815.json.md5 report request received
11:40:46.326 - worker 2 killed !!!
11:40:46.326 - 819.json.md5 report request received
11:40:46.327 - NOT SUCCESS worker 2 for .\TransactionFiles\814.json
11:40:46.331 - worker 2 started
11:40:46.340 - worker 5 killed !!!
11:40:46.341 - 814.json.md5 report request received
11:40:46.342 - 818.json.md5 report request received
11:40:46.343 - The request to create 81.json.md5 was received
11:40:46.344 - NOT SUCCESS worker 5 for .\TransactionFiles\81.json
11:40:46.344 - The request to create 810.json.md5 was received
11:40:46.344 - The request to create 811.json.md5 was received
11:40:46.345 - The request to create 812.json.md5 was received
11:40:46.345 - The request to create 813.json.md5 was received
11:40:46.345 - worker 5 started
11:40:46.610 - 81.json.md5 report request received
11:40:46.616 - The request to create 805.json.md5 was received
11:40:46.617 - The request to create 807.json.md5 was received
11:40:46.618 - The request to create 806.json.md5 was received
11:40:46.618 - The request to create 808.json.md5 was received
11:40:46.618 - The request to create 809.json.md5 was received
11:40:46.827 - The request to create 804.json.md5 was received
11:40:46.828 - 808.json.md5 report request received
11:40:46.839 - worker 2 killed !!!
11:40:46.840 - 804.json.md5 report request received
11:40:46.845 - worker 2 started
11:40:46.845 - worker 1 killed !!!
11:40:46.846 - 809.json.md5 report request received
11:40:46.850 - worker 1 started
11:40:46.862 - worker 5 killed !!!
11:40:46.863 - 807.json.md5 report request received
11:40:46.864 - The request to create 80.json.md5 was received
11:40:46.865 - The request to create 801.json.md5 was received
11:40:46.865 - NOT SUCCESS worker 2 for .\TransactionFiles\801.json
11:40:46.865 - The request to create 800.json.md5 was received
11:40:46.866 - NOT SUCCESS worker 5 for .\TransactionFiles\800.json
11:40:46.866 - The request to create 802.json.md5 was received
11:40:46.867 - NOT SUCCESS worker 1 for .\TransactionFiles\800.json
11:40:46.867 - The request to create 803.json.md5 was received
11:40:46.870 - worker 5 started
11:40:47.061 - The request to create 8.json.md5 was received
11:40:47.125 - The request to create 799.json.md5 was received
11:40:47.126 - The request to create 798.json.md5 was received
11:40:47.127 - The request to create 797.json.md5 was received
11:40:47.127 - The request to create 796.json.md5 was received
11:40:47.423 - The request to create 795.json.md5 was received
11:40:47.423 - 796.json.md5 report request received
11:40:47.453 - 798.json.md5 report request received
11:40:47.454 - The request to create 790.json.md5 was received
11:40:47.455 - The request to create 791.json.md5 was received
11:40:47.455 - The request to create 793.json.md5 was received
11:40:47.456 - The request to create 792.json.md5 was received
11:40:47.456 - The request to create 794.json.md5 was received
11:40:47.662 - The request to create 79.json.md5 was received
11:40:47.663 - 791.json.md5 report request received
11:40:47.668 - worker 1 killed !!!
11:40:47.669 - The request to create 786.json.md5 was received
11:40:47.670 - The request to create 789.json.md5 was received
11:40:47.670 - The request to create 787.json.md5 was received
11:40:47.670 - The request to create 788.json.md5 was received
11:40:47.671 - NOT SUCCESS worker 1 for .\TransactionFiles\788.json
11:40:47.671 - 79.json.md5 report request received
11:40:47.675 - worker 1 started
11:40:47.678 - worker 2 killed !!!
11:40:47.678 - The request to create 783.json.md5 was received
11:40:47.679 - 788.json.md5 report request received
11:40:47.680 - The request to create 782.json.md5 was received
11:40:47.680 - The request to create 784.json.md5 was received
11:40:47.681 - The request to create 785.json.md5 was received
11:40:47.681 - NOT SUCCESS worker 2 for .\TransactionFiles\785.json
11:40:47.684 - worker 2 started
11:40:47.929 - The request to create 781.json.md5 was received
11:40:47.930 - The request to create 78.json.md5 was received
11:40:47.930 - The request to create 780.json.md5 was received
11:40:47.931 - The request to create 778.json.md5 was received
11:40:47.931 - The request to create 779.json.md5 was received
11:40:48.125 - 778.json.md5 report request received
11:40:48.130 - 779.json.md5 report request received
11:40:48.136 - worker 2 killed !!!
11:40:48.136 - The request to create 773.json.md5 was received
11:40:48.136 - The request to create 774.json.md5 was received
11:40:48.137 - The request to create 775.json.md5 was received
11:40:48.137 - The request to create 776.json.md5 was received
11:40:48.137 - The request to create 777.json.md5 was received
11:40:48.138 - NOT SUCCESS worker 2 for .\TransactionFiles\777.json
11:40:48.141 - worker 2 started
11:40:48.480 - The request to create 772.json.md5 was received
11:40:48.481 - The request to create 77.json.md5 was received
11:40:48.481 - The request to create 771.json.md5 was received
11:40:48.482 - The request to create 769.json.md5 was received
11:40:48.482 - The request to create 770.json.md5 was received
11:40:48.769 - The request to create 768.json.md5 was received
11:40:48.770 - The request to create 766.json.md5 was received
11:40:48.771 - The request to create 765.json.md5 was received
11:40:48.771 - The request to create 767.json.md5 was received
11:40:48.772 - 770.json.md5 report request received
11:40:48.785 - The request to create 761.json.md5 was received
11:40:48.785 - The request to create 760.json.md5 was received
11:40:48.786 - The request to create 762.json.md5 was received
11:40:48.786 - The request to create 763.json.md5 was received
11:40:48.787 - The request to create 764.json.md5 was received
11:40:49.056 - The request to create 76.json.md5 was received
11:40:49.056 - 760.json.md5 report request received
11:40:49.079 - worker 5 killed !!!
11:40:49.080 - 761.json.md5 report request received
11:40:49.080 - worker 2 killed !!!
11:40:49.081 - The request to create 755.json.md5 was received
11:40:49.081 - The request to create 756.json.md5 was received
11:40:49.081 - The request to create 757.json.md5 was received
11:40:49.082 - The request to create 758.json.md5 was received
11:40:49.082 - NOT SUCCESS worker 5 for .\TransactionFiles\758.json
11:40:49.082 - The request to create 759.json.md5 was received
11:40:49.083 - NOT SUCCESS worker 2 for .\TransactionFiles\758.json
11:40:49.084 - worker 5 started
11:40:49.085 - worker 2 started
11:40:49.257 - The request to create 754.json.md5 was received
11:40:49.310 - The request to create 752.json.md5 was received
11:40:49.311 - The request to create 751.json.md5 was received
11:40:49.312 - The request to create 753.json.md5 was received
11:40:49.312 - The request to create 750.json.md5 was received
11:40:49.312 - The request to create 75.json.md5 was received
11:40:49.556 - The request to create 749.json.md5 was received
11:40:49.557 - The request to create 748.json.md5 was received
11:40:49.557 - The request to create 747.json.md5 was received
11:40:49.558 - 753.json.md5 report request received
11:40:49.570 - 748.json.md5 report request received
11:40:49.575 - worker 1 killed !!!
11:40:49.575 - 747.json.md5 report request received
11:40:49.576 - worker 2 killed !!!
11:40:49.576 - 750.json.md5 report request received
11:40:49.579 - worker 1 started
11:40:49.580 - worker 2 started
11:40:49.590 - The request to create 742.json.md5 was received
11:40:49.590 - The request to create 743.json.md5 was received
11:40:49.591 - The request to create 744.json.md5 was received
11:40:49.591 - NOT SUCCESS worker 2 for .\TransactionFiles\744.json
11:40:49.591 - The request to create 745.json.md5 was received
11:40:49.591 - NOT SUCCESS worker 1 for .\TransactionFiles\745.json
11:40:49.592 - The request to create 746.json.md5 was received
11:40:49.782 - 742.json.md5 report request received
11:40:49.796 - worker 5 killed !!!
11:40:49.797 - 745.json.md5 report request received
11:40:49.799 - 746.json.md5 report request received
11:40:49.800 - The request to create 738.json.md5 was received
11:40:49.801 - The request to create 739.json.md5 was received
11:40:49.801 - The request to create 740.json.md5 was received
11:40:49.801 - NOT SUCCESS worker 5 for .\TransactionFiles\740.json
11:40:49.802 - The request to create 74.json.md5 was received
11:40:49.802 - worker 5 started
11:40:49.802 - The request to create 741.json.md5 was received
11:40:50.076 - 74.json.md5 report request received
11:40:50.091 - The request to create 733.json.md5 was received
11:40:50.092 - The request to create 734.json.md5 was received
11:40:50.092 - The request to create 736.json.md5 was received
11:40:50.093 - The request to create 735.json.md5 was received
11:40:50.093 - The request to create 737.json.md5 was received
11:40:50.207 - The request to create 732.json.md5 was received
11:40:50.207 - The request to create 731.json.md5 was received
11:40:50.208 - The request to create 730.json.md5 was received
11:40:50.208 - The request to create 73.json.md5 was received
11:40:50.208 - The request to create 729.json.md5 was received
11:40:50.407 - 731.json.md5 report request received
11:40:50.425 - worker 2 killed !!!
11:40:50.426 - 73.json.md5 report request received
11:40:50.427 - The request to create 725.json.md5 was received
11:40:50.428 - The request to create 726.json.md5 was received
11:40:50.428 - The request to create 724.json.md5 was received
11:40:50.429 - The request to create 727.json.md5 was received
11:40:50.430 - The request to create 728.json.md5 was received
11:40:50.430 - NOT SUCCESS worker 2 for .\TransactionFiles\728.json
11:40:50.435 - worker 2 started
11:40:50.663 - The request to create 723.json.md5 was received
11:40:50.664 - The request to create 722.json.md5 was received
11:40:50.664 - The request to create 72.json.md5 was received
11:40:50.665 - The request to create 721.json.md5 was received
11:40:50.666 - The request to create 720.json.md5 was received
11:40:50.842 - The request to create 719.json.md5 was received
11:40:50.843 - The request to create 718.json.md5 was received
11:40:50.843 - The request to create 717.json.md5 was received
11:40:50.843 - The request to create 715.json.md5 was received
11:40:50.844 - The request to create 716.json.md5 was received
11:40:51.009 - The request to create 714.json.md5 was received
11:40:51.010 - 715.json.md5 report request received
11:40:51.020 - The request to create 71.json.md5 was received
11:40:51.021 - The request to create 710.json.md5 was received
11:40:51.021 - The request to create 712.json.md5 was received
11:40:51.021 - The request to create 711.json.md5 was received
11:40:51.022 - The request to create 713.json.md5 was received
11:40:51.145 - The request to create 709.json.md5 was received
11:40:51.146 - The request to create 707.json.md5 was received
11:40:51.146 - The request to create 706.json.md5 was received
11:40:51.147 - The request to create 705.json.md5 was received
11:40:51.147 - The request to create 708.json.md5 was received
11:40:51.438 - The request to create 704.json.md5 was received
11:40:51.438 - 706.json.md5 report request received
11:40:51.444 - worker 1 killed !!!
11:40:51.445 - 708.json.md5 report request received
11:40:51.450 - worker 1 started
11:40:51.450 - worker 2 killed !!!
11:40:51.451 - The request to create 70.json.md5 was received
11:40:51.451 - The request to create 700.json.md5 was received
11:40:51.452 - NOT SUCCESS worker 2 for .\TransactionFiles\700.json
11:40:51.452 - The request to create 701.json.md5 was received
11:40:51.452 - NOT SUCCESS worker 1 for .\TransactionFiles\701.json
11:40:51.452 - The request to create 702.json.md5 was received
11:40:51.453 - The request to create 703.json.md5 was received
11:40:51.456 - worker 2 started
11:40:51.663 - The request to create 7.json.md5 was received
11:40:51.664 - The request to create 698.json.md5 was received
11:40:51.665 - The request to create 697.json.md5 was received
11:40:51.666 - The request to create 699.json.md5 was received
11:40:51.753 - The request to create 696.json.md5 was received
11:40:51.784 - The request to create 695.json.md5 was received
11:40:51.784 - The request to create 692.json.md5 was received
11:40:51.785 - The request to create 693.json.md5 was received
11:40:51.785 - The request to create 694.json.md5 was received
11:40:52.039 - 696.json.md5 report request received
11:40:52.050 - The request to create 690.json.md5 was received
11:40:52.051 - The request to create 688.json.md5 was received
11:40:52.051 - The request to create 689.json.md5 was received
11:40:52.052 - The request to create 69.json.md5 was received
11:40:52.052 - The request to create 691.json.md5 was received
11:40:52.183 - The request to create 687.json.md5 was received
11:40:52.183 - 690.json.md5 report request received
11:40:52.196 - worker 2 killed !!!
11:40:52.197 - 688.json.md5 report request received
11:40:52.198 - The request to create 683.json.md5 was received
11:40:52.198 - The request to create 682.json.md5 was received
11:40:52.199 - NOT SUCCESS worker 2 for .\TransactionFiles\682.json
11:40:52.199 - The request to create 685.json.md5 was received
11:40:52.200 - The request to create 684.json.md5 was received
11:40:52.200 - The request to create 686.json.md5 was received
11:40:52.202 - worker 2 started
11:40:52.372 - The request to create 681.json.md5 was received
11:40:52.373 - The request to create 680.json.md5 was received
11:40:52.399 - 686.json.md5 report request received
11:40:52.405 - worker 1 killed !!!
11:40:52.406 - 682.json.md5 report request received
11:40:52.407 - The request to create 676.json.md5 was received
11:40:52.407 - The request to create 677.json.md5 was received
11:40:52.407 - NOT SUCCESS worker 1 for .\TransactionFiles\677.json
11:40:52.407 - The request to create 679.json.md5 was received
11:40:52.408 - The request to create 678.json.md5 was received
11:40:52.408 - The request to create 68.json.md5 was received
11:40:52.411 - worker 1 started
11:40:52.701 - The request to create 675.json.md5 was received
11:40:52.702 - 68.json.md5 report request received
11:40:52.708 - 677.json.md5 report request received
11:40:52.709 - worker 2 killed !!!
11:40:52.710 - 675.json.md5 report request received
11:40:52.714 - worker 2 started
11:40:52.715 - The request to create 67.json.md5 was received
11:40:52.715 - The request to create 670.json.md5 was received
11:40:52.715 - The request to create 671.json.md5 was received
11:40:52.716 - The request to create 673.json.md5 was received
11:40:52.716 - NOT SUCCESS worker 2 for .\TransactionFiles\671.json
11:40:52.717 - The request to create 674.json.md5 was received
11:40:53.041 - The request to create 669.json.md5 was received
11:40:53.042 - The request to create 667.json.md5 was received
11:40:53.042 - 673.json.md5 report request received
11:40:53.049 - worker 1 killed !!!
11:40:53.050 - The request to create 661.json.md5 was received
11:40:53.051 - The request to create 662.json.md5 was received
11:40:53.051 - NOT SUCCESS worker 1 for .\TransactionFiles\662.json
11:40:53.051 - The request to create 66.json.md5 was received
11:40:53.052 - The request to create 660.json.md5 was received
11:40:53.052 - The request to create 668.json.md5 was received
11:40:53.055 - worker 1 started
11:40:53.326 - 662.json.md5 report request received
11:40:53.331 - 668.json.md5 report request received
11:40:53.332 - worker 2 killed !!!
11:40:53.333 - 66.json.md5 report request received
11:40:53.337 - worker 2 started
11:40:53.338 - worker 3 killed !!!
11:40:53.338 - The request to create 655.json.md5 was received
11:40:53.339 - NOT SUCCESS worker 2 for .\TransactionFiles\655.json
11:40:53.339 - The request to create 656.json.md5 was received
11:40:53.339 - The request to create 657.json.md5 was received
11:40:53.340 - NOT SUCCESS worker 3 for .\TransactionFiles\657.json
11:40:53.340 - The request to create 658.json.md5 was received
11:40:53.340 - The request to create 659.json.md5 was received
11:40:53.343 - worker 3 started
11:40:53.654 - The request to create 652.json.md5 was received
11:40:53.654 - The request to create 651.json.md5 was received
11:40:53.655 - The request to create 653.json.md5 was received
11:40:53.656 - The request to create 650.json.md5 was received
11:40:53.656 - The request to create 654.json.md5 was received
11:40:53.952 - The request to create 65.json.md5 was received
11:40:53.953 - The request to create 649.json.md5 was received
11:40:53.953 - The request to create 648.json.md5 was received
11:40:53.954 - The request to create 647.json.md5 was received
11:40:53.997 - The request to create 646.json.md5 was received
11:40:54.039 - The request to create 645.json.md5 was received
11:40:54.039 - 647.json.md5 report request received
11:40:54.050 - The request to create 640.json.md5 was received
11:40:54.050 - The request to create 642.json.md5 was received
11:40:54.051 - The request to create 641.json.md5 was received
11:40:54.051 - The request to create 643.json.md5 was received
11:40:54.051 - The request to create 644.json.md5 was received
11:40:54.354 - The request to create 64.json.md5 was received
11:40:54.355 - The request to create 638.json.md5 was received
11:40:54.355 - 641.json.md5 report request received
11:40:54.365 - worker 2 killed !!!
11:40:54.366 - 638.json.md5 report request received
11:40:54.371 - worker 2 started
11:40:54.372 - The request to create 634.json.md5 was received
11:40:54.372 - The request to create 635.json.md5 was received
11:40:54.372 - The request to create 636.json.md5 was received
11:40:54.373 - The request to create 637.json.md5 was received
11:40:54.373 - The request to create 639.json.md5 was received
11:40:54.373 - NOT SUCCESS worker 2 for .\TransactionFiles\639.json
11:40:54.632 - The request to create 633.json.md5 was received
11:40:54.633 - The request to create 632.json.md5 was received
11:40:54.634 - The request to create 630.json.md5 was received
11:40:54.634 - The request to create 631.json.md5 was received
11:40:54.635 - The request to create 63.json.md5 was received
11:40:54.890 - The request to create 629.json.md5 was received
11:40:54.905 - The request to create 628.json.md5 was received
11:40:54.905 - 63.json.md5 report request received
11:40:54.914 - worker 2 killed !!!
11:40:54.915 - The request to create 623.json.md5 was received
11:40:54.915 - The request to create 624.json.md5 was received
11:40:54.916 - NOT SUCCESS worker 2 for .\TransactionFiles\624.json
11:40:54.916 - The request to create 625.json.md5 was received
11:40:54.916 - The request to create 627.json.md5 was received
11:40:54.917 - The request to create 626.json.md5 was received
11:40:54.920 - worker 2 started
11:40:55.109 - The request to create 622.json.md5 was received
11:40:55.109 - The request to create 621.json.md5 was received
11:40:55.110 - The request to create 619.json.md5 was received
11:40:55.110 - The request to create 62.json.md5 was received
11:40:55.199 - The request to create 620.json.md5 was received
11:40:55.244 - The request to create 617.json.md5 was received
11:40:55.244 - The request to create 616.json.md5 was received
11:40:55.245 - The request to create 615.json.md5 was received
11:40:55.245 - 620.json.md5 report request received
11:40:55.258 - 615.json.md5 report request received
11:40:55.266 - The request to create 611.json.md5 was received
11:40:55.266 - The request to create 612.json.md5 was received
11:40:55.266 - The request to create 613.json.md5 was received
11:40:55.267 - The request to create 614.json.md5 was received
11:40:55.267 - The request to create 618.json.md5 was received
11:40:55.412 - The request to create 61.json.md5 was received
11:40:55.442 - The request to create 609.json.md5 was received
11:40:55.443 - The request to create 607.json.md5 was received
11:40:55.443 - The request to create 606.json.md5 was received
11:40:55.444 - The request to create 608.json.md5 was received
11:40:55.682 - The request to create 604.json.md5 was received
11:40:55.683 - The request to create 605.json.md5 was received
11:40:55.712 - The request to create 602.json.md5 was received
11:40:55.713 - The request to create 603.json.md5 was received
11:40:55.713 - 608.json.md5 report request received
11:40:55.726 - worker 2 killed !!!
11:40:55.727 - 604.json.md5 report request received
11:40:55.728 - The request to create 599.json.md5 was received
11:40:55.729 - NOT SUCCESS worker 2 for .\TransactionFiles\599.json
11:40:55.729 - The request to create 6.json.md5 was received
11:40:55.729 - The request to create 60.json.md5 was received
11:40:55.730 - The request to create 600.json.md5 was received
11:40:55.730 - The request to create 601.json.md5 was received
11:40:55.733 - worker 2 started
11:40:56.022 - The request to create 598.json.md5 was received
11:40:56.023 - The request to create 597.json.md5 was received
11:40:56.023 - The request to create 594.json.md5 was received
11:40:56.024 - The request to create 596.json.md5 was received
11:40:56.068 - The request to create 595.json.md5 was received
11:40:56.098 - 594.json.md5 report request received
11:40:56.105 - worker 1 killed !!!
11:40:56.105 - 597.json.md5 report request received
11:40:56.116 - worker 3 killed !!!
11:40:56.116 - worker 1 started
11:40:56.117 - The request to create 59.json.md5 was received
11:40:56.117 - The request to create 591.json.md5 was received
11:40:56.119 - NOT SUCCESS worker 1 for .\TransactionFiles\591.json
11:40:56.119 - The request to create 590.json.md5 was received
11:40:56.120 - NOT SUCCESS worker 3 for .\TransactionFiles\59.json
11:40:56.121 - The request to create 592.json.md5 was received
11:40:56.121 - The request to create 593.json.md5 was received
11:40:56.126 - worker 3 started
11:40:56.263 - The request to create 589.json.md5 was received
11:40:56.290 - The request to create 588.json.md5 was received
11:40:56.290 - The request to create 584.json.md5 was received
11:40:56.291 - The request to create 586.json.md5 was received
11:40:56.347 - The request to create 585.json.md5 was received
11:40:56.430 - 588.json.md5 report request received
11:40:56.441 - 585.json.md5 report request received
11:40:56.448 - 586.json.md5 report request received
11:40:56.449 - The request to create 58.json.md5 was received
11:40:56.449 - The request to create 580.json.md5 was received
11:40:56.449 - The request to create 581.json.md5 was received
11:40:56.450 - The request to create 582.json.md5 was received
11:40:56.450 - The request to create 583.json.md5 was received
11:40:56.765 - The request to create 579.json.md5 was received
11:40:56.765 - 580.json.md5 report request received
11:40:56.776 - worker 2 killed !!!
11:40:56.776 - 582.json.md5 report request received
11:40:56.777 - worker 1 killed !!!
11:40:56.777 - The request to create 574.json.md5 was received
11:40:56.778 - The request to create 575.json.md5 was received
11:40:56.778 - NOT SUCCESS worker 2 for .\TransactionFiles\575.json
11:40:56.778 - The request to create 577.json.md5 was received
11:40:56.779 - NOT SUCCESS worker 1 for .\TransactionFiles\577.json
11:40:56.779 - The request to create 576.json.md5 was received
11:40:56.780 - 574.json.md5 report request received
11:40:56.784 - worker 2 started
11:40:56.785 - worker 1 started
11:40:56.786 - worker 3 killed !!!
11:40:56.787 - The request to create 573.json.md5 was received
11:40:56.787 - 576.json.md5 report request received
11:40:56.788 - The request to create 571.json.md5 was received
11:40:56.789 - NOT SUCCESS worker 3 for .\TransactionFiles\576.json
11:40:56.789 - The request to create 570.json.md5 was received
11:40:56.790 - The request to create 572.json.md5 was received
11:40:56.790 - The request to create 578.json.md5 was received
11:40:56.795 - worker 3 started
11:40:57.049 - The request to create 57.json.md5 was received
11:40:57.049 - The request to create 569.json.md5 was received
11:40:57.050 - The request to create 567.json.md5 was received
11:40:57.050 - The request to create 568.json.md5 was received
11:40:57.079 - The request to create 566.json.md5 was received
11:40:57.094 - 567.json.md5 report request received
11:40:57.102 - The request to create 562.json.md5 was received
11:40:57.103 - The request to create 563.json.md5 was received
11:40:57.103 - 566.json.md5 report request received
11:40:57.121 - worker 3 killed !!!
11:40:57.123 - The request to create 56.json.md5 was received
11:40:57.124 - The request to create 560.json.md5 was received
11:40:57.125 - The request to create 561.json.md5 was received
11:40:57.126 - The request to create 564.json.md5 was received
11:40:57.126 - The request to create 565.json.md5 was received
11:40:57.130 - NOT SUCCESS worker 3 for .\TransactionFiles\561.json
11:40:57.148 - worker 3 started
11:40:57.398 - 560.json.md5 report request received
11:40:57.404 - worker 1 killed !!!
11:40:57.405 - The request to create 557.json.md5 was received
11:40:57.406 - The request to create 556.json.md5 was received
11:40:57.406 - NOT SUCCESS worker 1 for .\TransactionFiles\556.json
11:40:57.406 - The request to create 555.json.md5 was received
11:40:57.407 - The request to create 558.json.md5 was received
11:40:57.407 - The request to create 559.json.md5 was received
11:40:57.414 - worker 1 started
11:40:57.655 - The request to create 553.json.md5 was received
11:40:57.655 - The request to create 554.json.md5 was received
11:40:57.686 - The request to create 552.json.md5 was received
11:40:57.687 - The request to create 550.json.md5 was received
11:40:57.688 - The request to create 551.json.md5 was received
11:40:57.881 - The request to create 55.json.md5 was received
11:40:57.882 - The request to create 548.json.md5 was received
11:40:57.882 - The request to create 546.json.md5 was received
11:40:57.882 - The request to create 547.json.md5 was received
11:40:57.883 - The request to create 549.json.md5 was received
11:40:58.164 - 546.json.md5 report request received
11:40:58.193 - The request to create 541.json.md5 was received
11:40:58.194 - The request to create 542.json.md5 was received
11:40:58.195 - The request to create 543.json.md5 was received
11:40:58.195 - The request to create 544.json.md5 was received
11:40:58.195 - The request to create 545.json.md5 was received
11:40:58.369 - 545.json.md5 report request received
11:40:58.375 - The request to create 537.json.md5 was received
11:40:58.376 - The request to create 538.json.md5 was received
11:40:58.376 - The request to create 539.json.md5 was received
11:40:58.377 - The request to create 54.json.md5 was received
11:40:58.378 - The request to create 540.json.md5 was received
11:40:58.641 - The request to create 536.json.md5 was received
11:40:58.642 - The request to create 533.json.md5 was received
11:40:58.643 - The request to create 534.json.md5 was received
11:40:58.643 - The request to create 532.json.md5 was received
11:40:58.644 - The request to create 535.json.md5 was received
11:40:58.797 - 535.json.md5 report request received
11:40:58.808 - 534.json.md5 report request received
11:40:58.809 - worker 1 killed !!!
11:40:58.809 - The request to create 528.json.md5 was received
11:40:58.810 - The request to create 530.json.md5 was received
11:40:58.810 - The request to create 53.json.md5 was received
11:40:58.810 - The request to create 529.json.md5 was received
11:40:58.811 - The request to create 531.json.md5 was received
11:40:58.815 - NOT SUCCESS worker 1 for .\TransactionFiles\531.json
11:40:58.820 - worker 1 started
11:40:58.960 - 531.json.md5 report request received
11:40:58.970 - worker 2 killed !!!
11:40:58.971 - The request to create 525.json.md5 was received
11:40:58.972 - The request to create 523.json.md5 was received
11:40:58.972 - The request to create 524.json.md5 was received
11:40:58.973 - The request to create 526.json.md5 was received
11:40:58.973 - The request to create 527.json.md5 was received
11:40:58.984 - NOT SUCCESS worker 2 for .\TransactionFiles\523.json
11:40:58.997 - worker 2 started
11:40:59.347 - 526.json.md5 report request received
11:40:59.354 - 527.json.md5 report request received
11:40:59.356 - worker 1 killed !!!
11:40:59.356 - The request to create 519.json.md5 was received
11:40:59.356 - The request to create 52.json.md5 was received
11:40:59.357 - The request to create 520.json.md5 was received
11:40:59.357 - The request to create 521.json.md5 was received
11:40:59.359 - NOT SUCCESS worker 1 for .\TransactionFiles\520.json
11:40:59.359 - The request to create 522.json.md5 was received
11:40:59.373 - worker 1 started
11:40:59.487 - The request to create 518.json.md5 was received
11:40:59.569 - 520.json.md5 report request received
11:40:59.577 - The request to create 513.json.md5 was received
11:40:59.577 - The request to create 514.json.md5 was received
11:40:59.578 - The request to create 515.json.md5 was received
11:40:59.578 - The request to create 516.json.md5 was received
11:40:59.578 - The request to create 517.json.md5 was received
11:40:59.764 - 515.json.md5 report request received
11:40:59.776 - worker 2 killed !!!
11:40:59.777 - The request to create 509.json.md5 was received
11:40:59.777 - The request to create 51.json.md5 was received
11:40:59.777 - The request to create 510.json.md5 was received
11:40:59.778 - The request to create 511.json.md5 was received
11:40:59.778 - The request to create 512.json.md5 was received
11:40:59.780 - NOT SUCCESS worker 2 for .\TransactionFiles\509.json
11:40:59.789 - worker 2 started
11:40:59.911 - The request to create 508.json.md5 was received
11:40:59.927 - The request to create 507.json.md5 was received
11:40:59.928 - The request to create 504.json.md5 was received
11:40:59.928 - The request to create 505.json.md5 was received
11:40:59.929 - The request to create 506.json.md5 was received
11:41:00.165 - The request to create 503.json.md5 was received
11:41:00.166 - The request to create 502.json.md5 was received
11:41:00.166 - The request to create 500.json.md5 was received
11:41:00.167 - The request to create 501.json.md5 was received
11:41:00.213 - The request to create 50.json.md5 was received
11:41:00.317 - The request to create 5.json.md5 was received
11:41:00.318 - The request to create 499.json.md5 was received
11:41:00.400 - The request to create 497.json.md5 was received
11:41:00.400 - The request to create 494.json.md5 was received
11:41:00.400 - The request to create 493.json.md5 was received
11:41:00.401 - 5.json.md5 report request received
11:41:00.412 - The request to create 49.json.md5 was received
11:41:00.412 - The request to create 490.json.md5 was received
11:41:00.412 - The request to create 489.json.md5 was received
11:41:00.413 - The request to create 492.json.md5 was received
11:41:00.413 - The request to create 491.json.md5 was received
11:41:00.618 - The request to create 486.json.md5 was received
11:41:00.648 - The request to create 485.json.md5 was received
11:41:00.649 - 490.json.md5 report request received
11:41:00.663 - worker 2 killed !!!
11:41:00.664 - The request to create 481.json.md5 was received
11:41:00.665 - The request to create 480.json.md5 was received
11:41:00.666 - The request to create 482.json.md5 was received
11:41:00.666 - NOT SUCCESS worker 2 for .\TransactionFiles\482.json
11:41:00.666 - The request to create 483.json.md5 was received
11:41:00.667 - The request to create 484.json.md5 was received
11:41:00.675 - worker 2 started
11:41:00.917 - The request to create 48.json.md5 was received
11:41:00.918 - The request to create 478.json.md5 was received
11:41:00.919 - The request to create 479.json.md5 was received
11:41:00.919 - The request to create 477.json.md5 was received
11:41:00.919 - The request to create 476.json.md5 was received
11:41:01.095 - 479.json.md5 report request received
11:41:01.111 - worker 3 killed !!!
11:41:01.112 - 476.json.md5 report request received
11:41:01.113 - The request to create 471.json.md5 was received
11:41:01.113 - The request to create 472.json.md5 was received
11:41:01.114 - The request to create 473.json.md5 was received
11:41:01.114 - The request to create 475.json.md5 was received
11:41:01.115 - NOT SUCCESS worker 3 for .\TransactionFiles\475.json
11:41:01.116 - The request to create 474.json.md5 was received
11:41:01.122 - worker 3 started
11:41:01.326 - The request to create 470.json.md5 was received
11:41:01.326 - 475.json.md5 report request received
11:41:01.341 - worker 2 killed !!!
11:41:01.342 - The request to create 466.json.md5 was received
11:41:01.342 - The request to create 469.json.md5 was received
11:41:01.342 - The request to create 467.json.md5 was received
11:41:01.343 - The request to create 468.json.md5 was received
11:41:01.343 - The request to create 47.json.md5 was received
11:41:01.344 - NOT SUCCESS worker 2 for .\TransactionFiles\469.json .\TransactionFiles\467.json
11:41:01.358 - worker 2 started
11:41:01.634 - The request to create 465.json.md5 was received
11:41:01.634 - 468.json.md5 report request received
11:41:01.650 - The request to create 460.json.md5 was received
11:41:01.650 - The request to create 464.json.md5 was received
11:41:01.651 - The request to create 462.json.md5 was received
11:41:01.651 - The request to create 461.json.md5 was received
11:41:01.652 - The request to create 463.json.md5 was received
11:41:01.822 - The request to create 46.json.md5 was received
11:41:01.822 - The request to create 459.json.md5 was received
11:41:01.823 - The request to create 457.json.md5 was received
11:41:01.823 - The request to create 458.json.md5 was received
11:41:01.823 - The request to create 456.json.md5 was received
11:41:02.048 - 457.json.md5 report request received
11:41:02.072 - worker 3 killed !!!
11:41:02.074 - 458.json.md5 report request received
11:41:02.076 - The request to create 451.json.md5 was received
11:41:02.077 - The request to create 452.json.md5 was received
11:41:02.077 - The request to create 454.json.md5 was received
11:41:02.078 - NOT SUCCESS worker 3 for .\TransactionFiles\454.json
11:41:02.078 - The request to create 453.json.md5 was received
11:41:02.079 - The request to create 455.json.md5 was received
11:41:02.085 - worker 3 started
11:41:02.354 - The request to create 450.json.md5 was received
11:41:02.354 - The request to create 45.json.md5 was received
11:41:02.354 - 454.json.md5 report request received
11:41:02.370 - worker 2 killed !!!
11:41:02.370 - The request to create 445.json.md5 was received
11:41:02.371 - The request to create 446.json.md5 was received
11:41:02.371 - NOT SUCCESS worker 2 for .\TransactionFiles\446.json
11:41:02.371 - The request to create 449.json.md5 was received
11:41:02.372 - The request to create 447.json.md5 was received
11:41:02.373 - The request to create 448.json.md5 was received
11:41:02.380 - worker 2 started
11:41:02.657 - The request to create 444.json.md5 was received
11:41:02.688 - The request to create 443.json.md5 was received
11:41:02.689 - The request to create 440.json.md5 was received
11:41:02.690 - The request to create 441.json.md5 was received
11:41:02.690 - The request to create 442.json.md5 was received
11:41:02.905 - The request to create 44.json.md5 was received
11:41:02.920 - The request to create 439.json.md5 was received
11:41:02.921 - The request to create 437.json.md5 was received
11:41:02.921 - The request to create 436.json.md5 was received
11:41:02.921 - The request to create 438.json.md5 was received
11:41:03.093 - The request to create 435.json.md5 was received
11:41:03.094 - The request to create 434.json.md5 was received
11:41:03.094 - The request to create 432.json.md5 was received
11:41:03.094 - 436.json.md5 report request received
11:41:03.108 - 435.json.md5 report request received
11:41:03.117 - The request to create 429.json.md5 was received
11:41:03.117 - The request to create 43.json.md5 was received
11:41:03.118 - The request to create 430.json.md5 was received
11:41:03.118 - The request to create 431.json.md5 was received
11:41:03.119 - The request to create 433.json.md5 was received
11:41:03.405 - The request to create 428.json.md5 was received
11:41:03.405 - The request to create 427.json.md5 was received
11:41:03.405 - 430.json.md5 report request received
11:41:03.427 - worker 3 killed !!!
11:41:03.428 - 427.json.md5 report request received
11:41:03.430 - The request to create 422.json.md5 was received
11:41:03.430 - The request to create 423.json.md5 was received
11:41:03.431 - The request to create 424.json.md5 was received
11:41:03.431 - The request to create 426.json.md5 was received
11:41:03.432 - The request to create 425.json.md5 was received
11:41:03.432 - NOT SUCCESS worker 3 for .\TransactionFiles\425.json
11:41:03.438 - worker 3 started
11:41:03.877 - The request to create 421.json.md5 was received
11:41:03.877 - 423.json.md5 report request received
11:41:03.889 - worker 2 killed !!!
11:41:03.889 - The request to create 417.json.md5 was received
11:41:03.890 - The request to create 418.json.md5 was received
11:41:03.890 - The request to create 42.json.md5 was received
11:41:03.891 - NOT SUCCESS worker 2 for .\TransactionFiles\42.json
11:41:03.891 - The request to create 419.json.md5 was received
11:41:03.893 - The request to create 420.json.md5 was received
11:41:03.898 - worker 2 started
11:41:04.156 - The request to create 416.json.md5 was received
11:41:04.156 - The request to create 415.json.md5 was received
11:41:04.157 - The request to create 412.json.md5 was received
11:41:04.157 - The request to create 414.json.md5 was received
11:41:04.158 - The request to create 413.json.md5 was received
11:41:04.369 - 413.json.md5 report request received
11:41:04.383 - The request to create 408.json.md5 was received
11:41:04.384 - The request to create 409.json.md5 was received
11:41:04.384 - The request to create 41.json.md5 was received
11:41:04.385 - The request to create 410.json.md5 was received
11:41:04.385 - The request to create 411.json.md5 was received
11:41:04.658 - 411.json.md5 report request received
11:41:04.669 - worker 2 killed !!!
11:41:04.670 - 408.json.md5 report request received
11:41:04.676 - worker 2 started
11:41:04.677 - worker 3 killed !!!
11:41:04.679 - The request to create 403.json.md5 was received
11:41:04.680 - The request to create 404.json.md5 was received
11:41:04.680 - The request to create 407.json.md5 was received
11:41:04.680 - The request to create 406.json.md5 was received
11:41:04.681 - NOT SUCCESS worker 2 for .\TransactionFiles\406.json
11:41:04.681 - The request to create 405.json.md5 was received
11:41:04.681 - NOT SUCCESS worker 3 for .\TransactionFiles\406.json
11:41:04.690 - worker 3 started
11:41:04.941 - The request to create 402.json.md5 was received
11:41:04.942 - The request to create 401.json.md5 was received
11:41:04.942 - The request to create 400.json.md5 was received
11:41:04.942 - The request to create 4.json.md5 was received
11:41:04.943 - The request to create 40.json.md5 was received
11:41:05.265 - The request to create 399.json.md5 was received
11:41:05.265 - The request to create 398.json.md5 was received
11:41:05.266 - The request to create 397.json.md5 was received
11:41:05.266 - The request to create 396.json.md5 was received
11:41:05.296 - The request to create 395.json.md5 was received
11:41:05.536 - 396.json.md5 report request received
11:41:05.553 - The request to create 391.json.md5 was received
11:41:05.554 - The request to create 390.json.md5 was received
11:41:05.555 - The request to create 392.json.md5 was received
11:41:05.556 - The request to create 393.json.md5 was received
11:41:05.556 - The request to create 394.json.md5 was received
11:41:05.760 - The request to create 39.json.md5 was received
11:41:05.761 - 390.json.md5 report request received
11:41:05.782 - worker 3 killed !!!
11:41:05.784 - The request to create 385.json.md5 was received
11:41:05.785 - The request to create 386.json.md5 was received
11:41:05.786 - The request to create 387.json.md5 was received
11:41:05.786 - The request to create 388.json.md5 was received
11:41:05.786 - NOT SUCCESS worker 3 for .\TransactionFiles\388.json
11:41:05.787 - The request to create 389.json.md5 was received
11:41:05.795 - worker 3 started
11:41:05.975 - The request to create 384.json.md5 was received
11:41:05.976 - The request to create 383.json.md5 was received
11:41:05.976 - The request to create 380.json.md5 was received
11:41:05.976 - The request to create 382.json.md5 was received
11:41:05.977 - The request to create 381.json.md5 was received
11:41:06.146 - 381.json.md5 report request received
11:41:06.171 - The request to create 376.json.md5 was received
11:41:06.172 - The request to create 377.json.md5 was received
11:41:06.172 - The request to create 378.json.md5 was received
11:41:06.173 - The request to create 379.json.md5 was received
11:41:06.173 - The request to create 38.json.md5 was received
11:41:06.382 - 38.json.md5 report request received
11:41:06.396 - worker 3 killed !!!
11:41:06.397 - The request to create 372.json.md5 was received
11:41:06.398 - The request to create 373.json.md5 was received
11:41:06.398 - The request to create 371.json.md5 was received
11:41:06.399 - The request to create 374.json.md5 was received
11:41:06.399 - The request to create 375.json.md5 was received
11:41:06.399 - NOT SUCCESS worker 3 for .\TransactionFiles\375.json
11:41:06.406 - worker 3 started
11:41:06.599 - The request to create 370.json.md5 was received
11:41:06.615 - The request to create 37.json.md5 was received
11:41:06.616 - The request to create 368.json.md5 was received
11:41:06.616 - The request to create 367.json.md5 was received
11:41:06.617 - The request to create 369.json.md5 was received
11:41:06.850 - 369.json.md5 report request received
11:41:06.867 - 368.json.md5 report request received
11:41:06.870 - The request to create 365.json.md5 was received
11:41:06.871 - The request to create 363.json.md5 was received
11:41:06.872 - The request to create 362.json.md5 was received
11:41:06.872 - The request to create 364.json.md5 was received
11:41:06.872 - The request to create 366.json.md5 was received
11:41:07.109 - The request to create 361.json.md5 was received
11:41:07.109 - The request to create 360.json.md5 was received
11:41:07.110 - The request to create 36.json.md5 was received
11:41:07.110 - 363.json.md5 report request received
11:41:07.130 - worker 3 killed !!!
11:41:07.131 - The request to create 355.json.md5 was received
11:41:07.131 - The request to create 356.json.md5 was received
11:41:07.132 - NOT SUCCESS worker 3 for .\TransactionFiles\356.json
11:41:07.132 - The request to create 357.json.md5 was received
11:41:07.133 - The request to create 358.json.md5 was received
11:41:07.133 - The request to create 359.json.md5 was received
11:41:07.142 - worker 3 started
11:41:07.414 - The request to create 353.json.md5 was received
11:41:07.414 - The request to create 354.json.md5 was received
11:41:07.415 - The request to create 350.json.md5 was received
11:41:07.415 - The request to create 352.json.md5 was received
11:41:07.415 - The request to create 351.json.md5 was received
11:41:07.793 - 351.json.md5 report request received
11:41:07.810 - 350.json.md5 report request received
11:41:07.811 - The request to create 346.json.md5 was received
11:41:07.812 - The request to create 347.json.md5 was received
11:41:07.812 - The request to create 35.json.md5 was received
11:41:07.813 - The request to create 348.json.md5 was received
11:41:07.813 - The request to create 349.json.md5 was received
11:41:08.076 - The request to create 344.json.md5 was received
11:41:08.077 - The request to create 345.json.md5 was received
11:41:08.077 - The request to create 343.json.md5 was received
11:41:08.078 - The request to create 341.json.md5 was received
11:41:08.078 - The request to create 342.json.md5 was received
11:41:08.354 - The request to create 34.json.md5 was received
11:41:08.355 - The request to create 339.json.md5 was received
11:41:08.356 - The request to create 337.json.md5 was received
11:41:08.356 - The request to create 338.json.md5 was received
11:41:08.357 - The request to create 340.json.md5 was received
11:41:08.717 - The request to create 336.json.md5 was received
11:41:08.718 - The request to create 335.json.md5 was received
11:41:08.719 - 338.json.md5 report request received
11:41:08.738 - worker 3 killed !!!
11:41:08.739 - The request to create 330.json.md5 was received
11:41:08.740 - The request to create 331.json.md5 was received
11:41:08.741 - The request to create 332.json.md5 was received
11:41:08.741 - NOT SUCCESS worker 3 for .\TransactionFiles\332.json
11:41:08.742 - The request to create 333.json.md5 was received
11:41:08.742 - The request to create 334.json.md5 was received
11:41:08.748 - worker 3 started
11:41:09.009 - The request to create 33.json.md5 was received
11:41:09.009 - The request to create 329.json.md5 was received
11:41:09.010 - The request to create 327.json.md5 was received
11:41:09.084 - The request to create 328.json.md5 was received
11:41:09.084 - The request to create 326.json.md5 was received
11:41:09.164 - The request to create 325.json.md5 was received
11:41:09.164 - 327.json.md5 report request received
11:41:09.169 - worker 1 killed !!!
11:41:09.169 - 326.json.md5 report request received
11:41:09.176 - worker 1 started
11:41:09.186 - 325.json.md5 report request received
11:41:09.196 - worker 4 killed !!!
11:41:09.197 - The request to create 320.json.md5 was received
11:41:09.198 - The request to create 321.json.md5 was received
11:41:09.199 - NOT SUCCESS worker 1 for .\TransactionFiles\321.json
11:41:09.199 - The request to create 322.json.md5 was received
11:41:09.200 - The request to create 323.json.md5 was received
11:41:09.200 - NOT SUCCESS worker 4 for .\TransactionFiles\323.json
11:41:09.201 - The request to create 324.json.md5 was received
11:41:09.208 - worker 4 started
11:41:09.467 - The request to create 32.json.md5 was received
11:41:09.468 - The request to create 319.json.md5 was received
11:41:09.468 - The request to create 318.json.md5 was received
11:41:09.468 - The request to create 317.json.md5 was received
11:41:09.468 - The request to create 316.json.md5 was received
11:41:09.797 - The request to create 315.json.md5 was received
11:41:09.828 - The request to create 314.json.md5 was received
11:41:09.829 - 317.json.md5 report request received
11:41:09.838 - The request to create 311.json.md5 was received
11:41:09.839 - The request to create 310.json.md5 was received
11:41:09.839 - 314.json.md5 report request received
11:41:09.856 - worker 3 killed !!!
11:41:09.857 - The request to create 308.json.md5 was received
11:41:09.857 - The request to create 309.json.md5 was received
11:41:09.858 - The request to create 31.json.md5 was received
11:41:09.858 - NOT SUCCESS worker 3 for .\TransactionFiles\31.json
11:41:09.858 - The request to create 312.json.md5 was received
11:41:09.859 - The request to create 313.json.md5 was received
11:41:09.866 - worker 3 started
11:41:10.058 - The request to create 307.json.md5 was received
11:41:10.058 - 312.json.md5 report request received
11:41:10.079 - 308.json.md5 report request received
11:41:10.080 - worker 1 killed !!!
11:41:10.081 - The request to create 302.json.md5 was received
11:41:10.082 - The request to create 304.json.md5 was received
11:41:10.082 - NOT SUCCESS worker 1 for .\TransactionFiles\302.json
11:41:10.083 - The request to create 303.json.md5 was received
11:41:10.083 - The request to create 305.json.md5 was received
11:41:10.084 - The request to create 306.json.md5 was received
11:41:10.091 - worker 1 started
11:41:10.333 - The request to create 301.json.md5 was received
11:41:10.334 - The request to create 30.json.md5 was received
11:41:10.334 - The request to create 3.json.md5 was received
11:41:10.334 - 302.json.md5 report request received
11:41:10.341 - worker 2 killed !!!
11:41:10.342 - The request to create 298.json.md5 was received
11:41:10.342 - NOT SUCCESS worker 2 for .\TransactionFiles\3.json
11:41:10.342 - The request to create 299.json.md5 was received
11:41:10.343 - The request to create 297.json.md5 was received
11:41:10.343 - The request to create 300.json.md5 was received
11:41:10.350 - worker 2 started
11:41:10.631 - The request to create 296.json.md5 was received
11:41:10.631 - The request to create 295.json.md5 was received
11:41:10.632 - The request to create 294.json.md5 was received
11:41:10.632 - 3.json.md5 report request received
11:41:10.639 - The request to create 292.json.md5 was received
11:41:10.639 - The request to create 291.json.md5 was received
11:41:10.639 - The request to create 290.json.md5 was received
11:41:10.640 - The request to create 293.json.md5 was received
11:41:10.932 - The request to create 29.json.md5 was received
11:41:10.932 - The request to create 289.json.md5 was received
11:41:10.932 - 290.json.md5 report request received
11:41:10.938 - worker 1 killed !!!
11:41:10.939 - The request to create 286.json.md5 was received
11:41:10.940 - The request to create 287.json.md5 was received
11:41:10.940 - The request to create 285.json.md5 was received
11:41:10.940 - NOT SUCCESS worker 1 for .\TransactionFiles\285.json
11:41:10.940 - 29.json.md5 report request received
11:41:10.945 - worker 1 started
11:41:10.958 - The request to create 281.json.md5 was received
11:41:10.959 - The request to create 282.json.md5 was received
11:41:10.960 - The request to create 283.json.md5 was received
11:41:10.960 - The request to create 284.json.md5 was received
11:41:10.961 - The request to create 288.json.md5 was received
11:41:11.196 - The request to create 280.json.md5 was received
11:41:11.228 - The request to create 28.json.md5 was received
11:41:11.229 - The request to create 278.json.md5 was received
11:41:11.229 - The request to create 277.json.md5 was received
11:41:11.230 - The request to create 279.json.md5 was received
11:41:11.364 - The request to create 275.json.md5 was received
11:41:11.364 - The request to create 276.json.md5 was received
11:41:11.364 - The request to create 274.json.md5 was received
11:41:11.365 - The request to create 273.json.md5 was received
11:41:11.535 - The request to create 272.json.md5 was received
11:41:11.584 - The request to create 271.json.md5 was received
11:41:11.584 - The request to create 270.json.md5 was received
11:41:11.585 - 275.json.md5 report request received
11:41:11.607 - The request to create 268.json.md5 was received
11:41:11.608 - The request to create 269.json.md5 was received
11:41:11.608 - The request to create 267.json.md5 was received
11:41:11.610 - The request to create 27.json.md5 was received
11:41:11.611 - The request to create 266.json.md5 was received
11:41:11.968 - 268.json.md5 report request received
11:41:11.990 - worker 3 killed !!!
11:41:11.991 - 267.json.md5 report request received
11:41:11.994 - The request to create 261.json.md5 was received
11:41:11.994 - The request to create 264.json.md5 was received
11:41:11.995 - The request to create 262.json.md5 was received
11:41:11.996 - The request to create 263.json.md5 was received
11:41:11.997 - The request to create 265.json.md5 was received
11:41:11.997 - NOT SUCCESS worker 3 for .\TransactionFiles\265.json
11:41:12.002 - worker 3 started
11:41:12.279 - The request to create 26.json.md5 was received
11:41:12.280 - The request to create 259.json.md5 was received
11:41:12.281 - The request to create 257.json.md5 was received
11:41:12.281 - The request to create 260.json.md5 was received
11:41:12.311 - The request to create 258.json.md5 was received
11:41:12.489 - The request to create 256.json.md5 was received
11:41:12.490 - The request to create 254.json.md5 was received
11:41:12.490 - The request to create 253.json.md5 was received
11:41:12.491 - The request to create 255.json.md5 was received
11:41:12.491 - 258.json.md5 report request received
11:41:12.517 - The request to create 249.json.md5 was received
11:41:12.518 - The request to create 25.json.md5 was received
11:41:12.518 - The request to create 250.json.md5 was received
11:41:12.518 - The request to create 251.json.md5 was received
11:41:12.519 - The request to create 252.json.md5 was received
11:41:12.713 - The request to create 248.json.md5 was received
11:41:12.745 - The request to create 247.json.md5 was received
11:41:12.745 - The request to create 246.json.md5 was received
11:41:12.761 - The request to create 245.json.md5 was received
11:41:12.762 - The request to create 244.json.md5 was received
11:41:12.763 - 248.json.md5 report request received
11:41:12.791 - worker 3 killed !!!
11:41:12.792 - The request to create 24.json.md5 was received
11:41:12.793 - The request to create 240.json.md5 was received
11:41:12.793 - NOT SUCCESS worker 3 for .\TransactionFiles\24.json
11:41:12.794 - The request to create 241.json.md5 was received
11:41:12.794 - The request to create 242.json.md5 was received
11:41:12.795 - The request to create 243.json.md5 was received
11:41:12.803 - worker 3 started
11:41:12.956 - 241.json.md5 report request received
11:41:12.962 - worker 1 killed !!!
11:41:12.963 - 240.json.md5 report request received
11:41:12.970 - worker 1 started
11:41:12.971 - worker 2 killed !!!
11:41:12.971 - The request to create 238.json.md5 was received
11:41:12.972 - NOT SUCCESS worker 2 for .\TransactionFiles\238.json
11:41:12.973 - The request to create 236.json.md5 was received
11:41:12.973 - NOT SUCCESS worker 1 for .\TransactionFiles\238.json
11:41:12.973 - The request to create 235.json.md5 was received
11:41:12.974 - The request to create 237.json.md5 was received
11:41:12.974 - The request to create 239.json.md5 was received
11:41:12.978 - worker 2 started
11:41:13.356 - The request to create 232.json.md5 was received
11:41:13.356 - 235.json.md5 report request received
11:41:13.367 - The request to create 233.json.md5 was received
11:41:13.367 - The request to create 230.json.md5 was received
11:41:13.368 - The request to create 23.json.md5 was received
11:41:13.368 - The request to create 231.json.md5 was received
11:41:13.368 - The request to create 234.json.md5 was received
11:41:13.613 - 233.json.md5 report request received
11:41:13.631 - worker 3 killed !!!
11:41:13.632 - The request to create 226.json.md5 was received
11:41:13.632 - The request to create 225.json.md5 was received
11:41:13.633 - The request to create 229.json.md5 was received
11:41:13.634 - The request to create 228.json.md5 was received
11:41:13.634 - The request to create 227.json.md5 was received
11:41:13.635 - NOT SUCCESS worker 3 for .\TransactionFiles\227.json
11:41:13.642 - worker 3 started
11:41:13.890 - The request to create 224.json.md5 was received
11:41:13.994 - The request to create 222.json.md5 was received
11:41:13.994 - The request to create 220.json.md5 was received
11:41:13.995 - The request to create 221.json.md5 was received
11:41:13.995 - The request to create 22.json.md5 was received
11:41:13.996 - The request to create 223.json.md5 was received
11:41:14.206 - 22.json.md5 report request received
11:41:14.228 - 222.json.md5 report request received
11:41:14.231 - 221.json.md5 report request received
11:41:14.233 - The request to create 215.json.md5 was received
11:41:14.234 - The request to create 217.json.md5 was received
11:41:14.234 - The request to create 216.json.md5 was received
11:41:14.235 - The request to create 218.json.md5 was received
11:41:14.236 - The request to create 219.json.md5 was received
11:41:14.512 - 216.json.md5 report request received
11:41:14.526 - worker 2 killed !!!
11:41:14.527 - The request to create 210.json.md5 was received
11:41:14.527 - The request to create 21.json.md5 was received
11:41:14.528 - The request to create 211.json.md5 was received
11:41:14.528 - NOT SUCCESS worker 2 for .\TransactionFiles\211.json
11:41:14.528 - The request to create 213.json.md5 was received
11:41:14.529 - The request to create 214.json.md5 was received
11:41:14.536 - worker 2 started
11:41:14.908 - The request to create 208.json.md5 was received
11:41:14.909 - The request to create 206.json.md5 was received
11:41:14.909 - 21.json.md5 report request received
11:41:14.926 - worker 3 killed !!!
11:41:14.927 - The request to create 202.json.md5 was received
11:41:14.928 - NOT SUCCESS worker 3 for .\TransactionFiles\202.json
11:41:14.928 - The request to create 203.json.md5 was received
11:41:14.928 - The request to create 205.json.md5 was received
11:41:14.929 - The request to create 204.json.md5 was received
11:41:14.929 - The request to create 207.json.md5 was received
11:41:14.937 - worker 3 started
11:41:15.194 - The request to create 201.json.md5 was received
11:41:15.195 - The request to create 199.json.md5 was received
11:41:15.195 - The request to create 20.json.md5 was received
11:41:15.196 - The request to create 2.json.md5 was received
11:41:15.196 - The request to create 200.json.md5 was received
11:41:15.345 - The request to create 198.json.md5 was received
11:41:15.345 - The request to create 197.json.md5 was received
11:41:15.375 - The request to create 195.json.md5 was received
11:41:15.376 - The request to create 194.json.md5 was received
11:41:15.376 - The request to create 196.json.md5 was received
11:41:15.565 - 197.json.md5 report request received
11:41:15.591 - The request to create 19.json.md5 was received
11:41:15.593 - The request to create 190.json.md5 was received
11:41:15.593 - The request to create 191.json.md5 was received
11:41:15.594 - The request to create 192.json.md5 was received
11:41:15.594 - The request to create 193.json.md5 was received
11:41:15.912 - 190.json.md5 report request received
11:41:15.933 - worker 3 killed !!!
11:41:15.934 - The request to create 185.json.md5 was received
11:41:15.934 - The request to create 187.json.md5 was received
11:41:15.935 - NOT SUCCESS worker 3 for .\TransactionFiles\185.json
11:41:15.935 - The request to create 186.json.md5 was received
11:41:15.936 - The request to create 188.json.md5 was received
11:41:15.936 - The request to create 189.json.md5 was received
11:41:15.945 - worker 3 started
11:41:16.320 - The request to create 184.json.md5 was received
11:41:16.320 - 185.json.md5 report request received
11:41:16.345 - worker 4 killed !!!
11:41:16.347 - The request to create 18.json.md5 was received
11:41:16.347 - NOT SUCCESS worker 4 for .\TransactionFiles\18.json
11:41:16.348 - The request to create 180.json.md5 was received
11:41:16.348 - The request to create 182.json.md5 was received
11:41:16.349 - The request to create 181.json.md5 was received
11:41:16.349 - The request to create 183.json.md5 was received
11:41:16.357 - worker 4 started
11:41:16.646 - The request to create 179.json.md5 was received
11:41:16.703 - The request to create 178.json.md5 was received
11:41:16.704 - The request to create 175.json.md5 was received
11:41:16.704 - The request to create 176.json.md5 was received
11:41:16.705 - The request to create 177.json.md5 was received
11:41:16.954 - The request to create 174.json.md5 was received
11:41:16.986 - The request to create 173.json.md5 was received
11:41:16.987 - 177.json.md5 report request received
11:41:17.022 - 174.json.md5 report request received
11:41:17.024 - The request to create 169.json.md5 was received
11:41:17.025 - The request to create 17.json.md5 was received
11:41:17.025 - The request to create 170.json.md5 was received
11:41:17.026 - The request to create 172.json.md5 was received
11:41:17.026 - The request to create 171.json.md5 was received
11:41:17.415 - The request to create 168.json.md5 was received
11:41:17.415 - 170.json.md5 report request received
11:41:17.446 - worker 4 killed !!!
11:41:17.447 - 168.json.md5 report request received
11:41:17.450 - worker 3 killed !!!
11:41:17.451 - The request to create 163.json.md5 was received
11:41:17.451 - The request to create 164.json.md5 was received
11:41:17.452 - The request to create 165.json.md5 was received
11:41:17.453 - The request to create 167.json.md5 was received
11:41:17.453 - NOT SUCCESS worker 4 for .\TransactionFiles\167.json
11:41:17.454 - The request to create 166.json.md5 was received
11:41:17.454 - NOT SUCCESS worker 3 for .\TransactionFiles\167.json
11:41:17.459 - worker 4 started
11:41:17.463 - worker 3 started
11:41:17.738 - The request to create 162.json.md5 was received
11:41:17.739 - The request to create 16.json.md5 was received
11:41:17.739 - 164.json.md5 report request received
11:41:17.758 - The request to create 157.json.md5 was received
11:41:17.759 - The request to create 158.json.md5 was received
11:41:17.759 - The request to create 159.json.md5 was received
11:41:17.760 - The request to create 161.json.md5 was received
11:41:17.760 - The request to create 160.json.md5 was received
11:41:18.099 - The request to create 156.json.md5 was received
11:41:18.099 - The request to create 155.json.md5 was received
11:41:18.099 - The request to create 154.json.md5 was received
11:41:18.100 - The request to create 153.json.md5 was received
11:41:18.129 - 158.json.md5 report request received
11:41:18.167 - 153.json.md5 report request received
11:41:18.170 - 154.json.md5 report request received
11:41:18.171 - worker 2 killed !!!
11:41:18.172 - The request to create 149.json.md5 was received
11:41:18.172 - The request to create 148.json.md5 was received
11:41:18.173 - The request to create 15.json.md5 was received
11:41:18.173 - The request to create 150.json.md5 was received
11:41:18.174 - The request to create 152.json.md5 was received
11:41:18.175 - NOT SUCCESS worker 2 for .\TransactionFiles\152.json
11:41:18.180 - worker 2 started
11:41:18.417 - The request to create 147.json.md5 was received
11:41:18.432 - 148.json.md5 report request received
11:41:18.450 - worker 3 killed !!!
11:41:18.451 - 149.json.md5 report request received
11:41:18.460 - worker 3 started
11:41:18.463 - worker 4 killed !!!
11:41:18.465 - The request to create 140.json.md5 was received
11:41:18.465 - NOT SUCCESS worker 4 for .\TransactionFiles\140.json
11:41:18.466 - The request to create 143.json.md5 was received
11:41:18.466 - The request to create 141.json.md5 was received
11:41:18.467 - The request to create 142.json.md5 was received
11:41:18.467 - NOT SUCCESS worker 3 for .\TransactionFiles\142.json
11:41:18.467 - The request to create 145.json.md5 was received
11:41:18.474 - worker 4 started
11:41:18.670 - The request to create 14.json.md5 was received
11:41:18.670 - 141.json.md5 report request received
11:41:18.689 - The request to create 135.json.md5 was received
11:41:18.690 - The request to create 138.json.md5 was received
11:41:18.690 - The request to create 136.json.md5 was received
11:41:18.691 - The request to create 137.json.md5 was received
11:41:18.691 - The request to create 139.json.md5 was received
11:41:18.851 - 135.json.md5 report request received
11:41:18.861 - worker 2 killed !!!
11:41:18.861 - The request to create 132.json.md5 was received
11:41:18.868 - The request to create 13.json.md5 was received
11:41:18.868 - The request to create 131.json.md5 was received
11:41:18.869 - NOT SUCCESS worker 2 for .\TransactionFiles\131.json
11:41:18.869 - The request to create 133.json.md5 was received
11:41:18.869 - The request to create 134.json.md5 was received
11:41:18.875 - worker 2 started
11:41:19.111 - 131.json.md5 report request received
11:41:19.132 - 132.json.md5 report request received
11:41:19.147 - The request to create 124.json.md5 was received
11:41:19.148 - The request to create 125.json.md5 was received
11:41:19.148 - The request to create 128.json.md5 was received
11:41:19.149 - The request to create 126.json.md5 was received
11:41:19.149 - The request to create 129.json.md5 was received
11:41:19.362 - The request to create 123.json.md5 was received
11:41:19.363 - 128.json.md5 report request received
11:41:19.398 - worker 4 killed !!!
11:41:19.398 - 123.json.md5 report request received
11:41:19.400 - worker 3 killed !!!
11:41:19.401 - 129.json.md5 report request received
11:41:19.404 - The request to create 119.json.md5 was received
11:41:19.405 - The request to create 121.json.md5 was received
11:41:19.405 - The request to create 12.json.md5 was received
11:41:19.405 - The request to create 120.json.md5 was received
11:41:19.406 - NOT SUCCESS worker 4 for .\TransactionFiles\120.json
11:41:19.407 - The request to create 122.json.md5 was received
11:41:19.408 - NOT SUCCESS worker 3 for .\TransactionFiles\120.json
11:41:19.409 - worker 4 started
11:41:19.413 - worker 3 started
11:41:19.736 - 121.json.md5 report request received
11:41:19.765 - worker 2 killed !!!
11:41:19.766 - The request to create 114.json.md5 was received
11:41:19.767 - The request to create 116.json.md5 was received
11:41:19.768 - The request to create 115.json.md5 was received
11:41:19.768 - The request to create 117.json.md5 was received
11:41:19.769 - The request to create 118.json.md5 was received
11:41:19.795 - worker 2 started
11:41:20.107 - The request to create 113.json.md5 was received
11:41:20.107 - NOT SUCCESS worker 2 for .\TransactionFiles\113.json
11:41:20.171 - The request to create 112.json.md5 was received
11:41:20.171 - The request to create 110.json.md5 was received
11:41:20.171 - The request to create 11.json.md5 was received
11:41:20.173 - The request to create 111.json.md5 was received
11:41:20.272 - The request to create 109.json.md5 was received
11:41:20.413 - The request to create 106.json.md5 was received
11:41:20.413 - The request to create 107.json.md5 was received
11:41:20.413 - The request to create 108.json.md5 was received
11:41:20.414 - The request to create 105.json.md5 was received
11:41:20.477 - 111.json.md5 report request received
11:41:20.491 - 107.json.md5 report request received
11:41:20.500 - 106.json.md5 report request received
11:41:20.510 - 105.json.md5 report request received
11:41:20.512 - worker 2 killed !!!
11:41:20.513 - The request to create 103.json.md5 was received
11:41:20.513 - The request to create 104.json.md5 was received
11:41:20.523 - worker 2 started
